UID: 1000	Filename: /home/mike/Desktop/sys_sec_2_2024/testfile_create.txt	Date: 2024-10-28	Timestamp: 21:11:14	AccessType: 0	Is_Action_Denied Flag: 0	File Fingerprint: N/A
UID: 1000	Filename: /home/mike/Desktop/sys_sec_2_2024/testfile_create.txt	Date: 2024-10-28	Timestamp: 21:11:14	AccessType: 1	Is_Action_Denied Flag: 0	File Fingerprint: 9d3330501016b502972e84641d526a4dfad5b3a8dc3b03c5a15881037dca9d33
UID: 1000	Filename: /home/mike/Desktop/sys_sec_2_2024/file_logging.log		Date: 2024-10-28	Timestamp: 21:11:14	AccessType: 0	Is_Action_Denied Flag: 0	File Fingerprint: N/A
UID: 1000	Filename: /home/mike/Desktop/sys_sec_2_2024/testfile_create.txt	Date: 2024-10-28	Timestamp: 23:11:14	AccessType: 2	Is_Action_Denied Flag: 1	File Fingerprint: 9d3330501016b502972e84641d526a4dfad5b3a8dc3b03c5a15881037dca9d33
UID: 1000	Filename: /home/mike/Desktop/sys_sec_2_2024/testfile_create.txt	Date: 2024-10-28	Timestamp: 21:11:14	AccessType: 1	Is_Action_Denied Flag: 0	File Fingerprint: 9d3330501016b502972e84641d526a4dfad5b3a8dc3b03c5a15881037dca9d33
UID: 1000	Filename: /home/mike/Desktop/sys_sec_2_2024/testfile_create.txt	Date: 2024-10-28	Timestamp: 21:11:14	AccessType: 0	Is_Action_Denied Flag: 0	File Fingerprint: N/A
UID: 1000	Filename: /home/mike/Desktop/sys_sec_2_2024/testfile_create.txt	Date: 2024-10-28	Timestamp: 21:11:14	AccessType: 1	Is_Action_Denied Flag: 0	File Fingerprint: 0691e6a8db843d2eb29975dd1e978677edb9b2fce62058cbfc30623f06382f34
UID: 1000	Filename: /home/mike/Desktop/sys_sec_2_2024/file_logging.log		Date: 2024-10-28	Timestamp: 21:11:14	AccessType: 0	Is_Action_Denied Flag: 0	File Fingerprint: N/A
UID: 1000	Filename: /home/mike/Desktop/sys_sec_2_2024/testfile_create.txt	Date: 2024-10-28	Timestamp: 23:11:14	AccessType: 2	Is_Action_Denied Flag: 1	File Fingerprint: 0691e6a8db843d2eb29975dd1e978677edb9b2fce62058cbfc30623f06382f34
UID: 1000	Filename: /home/mike/Desktop/sys_sec_2_2024/nonexistent_file.txt	Date: 2024-10-28	Timestamp: 21:11:14	AccessType: 1	Is_Action_Denied Flag: 0	File Fingerprint: N/A
UID: 1000	Filename: /home/mike/Desktop/sys_sec_2_2024/testfile_fwrite.txt	Date: 2024-10-28	Timestamp: 21:11:18	AccessType: 0	Is_Action_Denied Flag: 0	File Fingerprint: N/A
UID: 1000	Filename: /home/mike/Desktop/sys_sec_2_2024/testfile_fwrite.txt	Date: 2024-10-28	Timestamp: 21:11:18	AccessType: 1	Is_Action_Denied Flag: 0	File Fingerprint: f2a66f82c744a728edd86fb1c5208cfe885b0ca815673a1c9c705925dddb21fb
UID: 1000	Filename: /home/mike/Desktop/sys_sec_2_2024/file_logging.log		Date: 2024-10-28	Timestamp: 21:11:18	AccessType: 0	Is_Action_Denied Flag: 0	File Fingerprint: N/A
UID: 1000	Filename: /home/mike/Desktop/sys_sec_2_2024/testfile_fwrite.txt	Date: 2024-10-28	Timestamp: 23:11:18	AccessType: 2	Is_Action_Denied Flag: 1	File Fingerprint: f2a66f82c744a728edd86fb1c5208cfe885b0ca815673a1c9c705925dddb21fb
UID: 1000	Filename: /home/mike/Desktop/sys_sec_2_2024/testfile_fwrite.txt	Date: 2024-10-28	Timestamp: 21:11:18	AccessType: 0	Is_Action_Denied Flag: 0	File Fingerprint: N/A
UID: 1000	Filename: /home/mike/Desktop/sys_sec_2_2024/testfile_fwrite.txt	Date: 2024-10-28	Timestamp: 21:11:18	AccessType: 1	Is_Action_Denied Flag: 0	File Fingerprint: c7dd59a3a9395062455b9b7e4822ccf0cdd18cd063c31d26491a22a2491fbbf6
UID: 1000	Filename: /home/mike/Desktop/sys_sec_2_2024/file_logging.log		Date: 2024-10-28	Timestamp: 21:11:18	AccessType: 0	Is_Action_Denied Flag: 0	File Fingerprint: N/A
UID: 1000	Filename: /home/mike/Desktop/sys_sec_2_2024/testfile_fwrite.txt	Date: 2024-10-28	Timestamp: 23:11:18	AccessType: 2	Is_Action_Denied Flag: 1	File Fingerprint: c7dd59a3a9395062455b9b7e4822ccf0cdd18cd063c31d26491a22a2491fbbf6
UID: 1000	Filename: /home/mike/Desktop/sys_sec_2_2024/testfile_fwrite.txt	Date: 2024-10-28	Timestamp: 21:11:18	AccessType: 1	Is_Action_Denied Flag: 0	File Fingerprint: c7dd59a3a9395062455b9b7e4822ccf0cdd18cd063c31d26491a22a2491fbbf6
UID: 1001	Filename: /home/mike/Desktop/sys_sec_2_2024/file1.txt	Date: 2024-10-28	Timestamp: 12:00:01	AccessType: 1	Is_Action_Denied Flag: 1	File Fingerprint: d41d8cd98f00b204e9800998ecf8427e
UID: 1001	Filename: /home/mike/Desktop/sys_sec_2_2024/file2.txt	Date: 2024-10-28	Timestamp: 12:01:01	AccessType: 1	Is_Action_Denied Flag: 1	File Fingerprint: d41d8cd98f00b204e9800998ecf8427e
UID: 1001	Filename: /home/mike/Desktop/sys_sec_2_2024/file3.txt	Date: 2024-10-28	Timestamp: 12:02:01	AccessType: 1	Is_Action_Denied Flag: 1	File Fingerprint: d41d8cd98f00b204e9800998ecf8427e
UID: 1001	Filename: /home/mike/Desktop/sys_sec_2_2024/file4.txt	Date: 2024-10-28	Timestamp: 12:03:01	AccessType: 1	Is_Action_Denied Flag: 1	File Fingerprint: d41d8cd98f00b204e9800998ecf8427e
UID: 1001	Filename: /home/mike/Desktop/sys_sec_2_2024/file5.txt	Date: 2024-10-28	Timestamp: 12:04:01	AccessType: 1	Is_Action_Denied Flag: 1	File Fingerprint: d41d8cd98f00b204e9800998ecf8427e
UID: 1001	Filename: /home/mike/Desktop/sys_sec_2_2024/file6.txt	Date: 2024-10-28	Timestamp: 12:05:01	AccessType: 1	Is_Action_Denied Flag: 1	File Fingerprint: d41d8cd98f00b204e9800998ecf8427e
UID: 1002	Filename: /home/mike/Desktop/sys_sec_2_2024/file1.txt	Date: 2024-10-28	Timestamp: 12:10:01	AccessType: 1	Is_Action_Denied Flag: 0	File Fingerprint: a3f1f2d2c4b4d67e7a32b5d2c4a3f1f2
UID: 1002	Filename: /home/mike/Desktop/sys_sec_2_2024/file1.txt	Date: 2024-10-28	Timestamp: 12:11:01	AccessType: 2	Is_Action_Denied Flag: 0	File Fingerprint: a3f1f2d2c4b4d67e7a32b5d2c4a3f1f2
UID: 1002	Filename: /home/mike/Desktop/sys_sec_2_2024/file1.txt	Date: 2024-10-28	Timestamp: 12:12:01	AccessType: 2	Is_Action_Denied Flag: 0	File Fingerprint: b7c3e3a8d9f0e4b3a4f2d1b7c3e3a8d9
UID: 1002	Filename: /home/mike/Desktop/sys_sec_2_2024/file1.txt	Date: 2024-10-28	Timestamp: 12:13:01	AccessType: 2	Is_Action_Denied Flag: 0	File Fingerprint: b7c3e3a8d9f0e4b3a4f2d1b7c3e3a8d9
UID: 1002	Filename: /home/mike/Desktop/sys_sec_2_2024/file1.txt	Date: 2024-10-28	Timestamp: 12:14:01	AccessType: 2	Is_Action_Denied Flag: 0	File Fingerprint: c3e4a8b3d9f2e1b7f0e4c3e4a8b3d9f2
UID: 1003	Filename: /home/mike/Desktop/sys_sec_2_2024/file2.txt	Date: 2024-10-28	Timestamp: 12:20:01	AccessType: 1	Is_Action_Denied Flag: 1	File Fingerprint: d41d8cd98f00b204e9800998ecf8427e
UID: 1003	Filename: /home/mike/Desktop/sys_sec_2_2024/file3.txt	Date: 2024-10-28	Timestamp: 12:21:01	AccessType: 1	Is_Action_Denied Flag: 1	File Fingerprint: d41d8cd98f00b204e9800998ecf8427e
UID: 1003	Filename: /home/mike/Desktop/sys_sec_2_2024/file4.txt	Date: 2024-10-28	Timestamp: 12:22:01	AccessType: 1	Is_Action_Denied Flag: 1	File Fingerprint: d41d8cd98f00b204e9800998ecf8427e
UID: 1003	Filename: /home/mike/Desktop/sys_sec_2_2024/file5.txt	Date: 2024-10-28	Timestamp: 12:23:01	AccessType: 1	Is_Action_Denied Flag: 1	File Fingerprint: d41d8cd98f00b204e9800998ecf8427e
UID: 1003	Filename: /home/mike/Desktop/sys_sec_2_2024/file6.txt	Date: 2024-10-28	Timestamp: 12:24:01	AccessType: 1	Is_Action_Denied Flag: 1	File Fingerprint: d41d8cd98f00b204e9800998ecf8427e
UID: 1003	Filename: /home/mike/Desktop/sys_sec_2_2024/file7.txt	Date: 2024-10-28	Timestamp: 12:25:01	AccessType: 1	Is_Action_Denied Flag: 1	File Fingerprint: d41d8cd98f00b204e9800998ecf8427e
UID: 1004	Filename: /home/mike/Desktop/sys_sec_2_2024/file1.txt	Date: 2024-10-28	Timestamp: 12:30:01	AccessType: 1	Is_Action_Denied Flag: 0	File Fingerprint: c3e4a8b3d9f2e1b7f0e4c3e4a8b3d9f2
UID: 1004	Filename: /home/mike/Desktop/sys_sec_2_2024/file1.txt	Date: 2024-10-28	Timestamp: 12:31:01	AccessType: 2	Is_Action_Denied Flag: 0	File Fingerprint: c3e4a8b3d9f2e1b7f0e4c3e4a8b3d9f2
UID: 1004	Filename: /home/mike/Desktop/sys_sec_2_2024/file1.txt	Date: 2024-10-28	Timestamp: 12:32:01	AccessType: 2	Is_Action_Denied Flag: 0	File Fingerprint: d9f2e4b7a3c2e3b5f1e4d9f2e4b7a3c2
UID: 1004	Filename: /home/mike/Desktop/sys_sec_2_2024/file1.txt	Date: 2024-10-28	Timestamp: 12:33:01	AccessType: 2	Is_Action_Denied Flag: 0	File Fingerprint: d9f2e4b7a3c2e3b5f1e4d9f2e4b7a3c2
UID: 1000	Filename: /home/mike/Desktop/sys_sec_2_2024/testfile_create.txt	Date: 2024-10-29	Timestamp: 10:52:46	AccessType: 0	Is_Action_Denied Flag: 0	File Fingerprint: N/A
